+ echo
+ mkdir -p /lustre/ttscratch1/sevilla/parsplice-output/nano/scale-workers-8-d1M-NULL-164854/out
+ cd /lustre/ttscratch1/sevilla/parsplice-output/nano/scale-workers-8-d1M-NULL-164854
+ export LD_LIBRARY_PATH=/users/sevilla/parsplice-install/lib:/lustre/ttscratch1/sevilla/parsplice-support/boost_1_64_0/stage/lib
+ LD_LIBRARY_PATH=/users/sevilla/parsplice-install/lib:/lustre/ttscratch1/sevilla/parsplice-support/boost_1_64_0/stage/lib
+ export OMP_NUM_THREADS=1
+ OMP_NUM_THREADS=1
+ for i in '"input"' '"input.lammps"' '"voter-pt.eam"'
+ cp -r /lustre/ttscratch1/sevilla/parsplice-support/parsplice/sample-input/nanoparticle-growth/input .
+ for i in '"input"' '"input.lammps"' '"voter-pt.eam"'
+ cp -r /lustre/ttscratch1/sevilla/parsplice-support/parsplice/sample-input/nanoparticle-growth/input.lammps .
+ for i in '"input"' '"input.lammps"' '"voter-pt.eam"'
+ cp -r /lustre/ttscratch1/sevilla/parsplice-support/parsplice/sample-input/nanoparticle-growth/voter-pt.eam .
+ cp -r /lustre/ttscratch1/sevilla/parsplice-support/parsplice/cache-policies .
+ cp cache-policies/whenNULL.lua cache-policies/when.lua
+ sed -i 's/<Delay> 1000000 <\/Delay>/<Delay> 1000000 <\/Delay>/g' input/ps-config.xml
+ python /lustre/ttscratch1/sevilla/parsplice-support/parsplice/node-affinity/mkhosts-slurm-nospawn.py 32 1 1 1
++ wc -l layout
++ awk '{print $1}'
+ ntasks=256
+ srun -N 8 -n 256 --cpu_bind=cores --output none /users/sevilla/parsplice-install/parsplice
srun: error: nid00032: task 4: Segmentation fault (core dumped)
srun: Terminating job step 164854.0
srun: Job step aborted: Waiting up to 32 seconds for job step to finish.
srun: error: nid00034: tasks 64-65,68-71,73-77,79,82,87-88,92,95: Killed
srun: error: nid00036: tasks 128-130,132-147,149-151,157,159: Killed
srun: error: nid00039: tasks 224-226,228-250,254-255: Killed
srun: error: nid00038: tasks 192-193,196-209,212-213,219-220,222-223: Killed
srun: error: nid00037: tasks 160,162-164,166-184,186,188-191: Killed
srun: error: nid00035: tasks 96-97,100-123,125-127: Killed
srun: error: nid00033: tasks 32-35,37-49,51-55,57-58,60-63: Killed
srun: error: nid00032: tasks 0-3,5-26,28-31: Killed
srun: error: nid00034: tasks 66-67,72,78,80-81,83-86,89-91,94: Killed
srun: error: nid00036: tasks 131,152-155,158: Killed
srun: error: nid00038: tasks 194-195,210-211,214-215,217-218,221: Killed
srun: error: nid00037: tasks 161,165,185,187: Killed
srun: error: nid00035: tasks 98-99,124: Killed
srun: error: nid00034: task 93: Killed
srun: error: nid00033: tasks 36,50,56,59: Killed
srun: error: nid00039: tasks 227,251-253: Killed
srun: error: nid00036: tasks 148,156: Killed
srun: error: nid00038: task 216: Killed
srun: error: nid00032: task 27: Killed
