+ echo
+ mkdir -p /lustre/ttscratch1/sevilla/parsplice-output/nano/scale-workers-8-d10M-164586/out
+ cd /lustre/ttscratch1/sevilla/parsplice-output/nano/scale-workers-8-d10M-164586
+ export LD_LIBRARY_PATH=/users/sevilla/parsplice-install/lib:/lustre/ttscratch1/sevilla/parsplice-support/boost_1_64_0/stage/lib
+ LD_LIBRARY_PATH=/users/sevilla/parsplice-install/lib:/lustre/ttscratch1/sevilla/parsplice-support/boost_1_64_0/stage/lib
+ export OMP_NUM_THREADS=1
+ OMP_NUM_THREADS=1
+ for i in '"input"' '"input.lammps"' '"voter-pt.eam"'
+ cp -r /lustre/ttscratch1/sevilla/parsplice-support/parsplice/sample-input/nanoparticle-growth/input .
+ for i in '"input"' '"input.lammps"' '"voter-pt.eam"'
+ cp -r /lustre/ttscratch1/sevilla/parsplice-support/parsplice/sample-input/nanoparticle-growth/input.lammps .
+ for i in '"input"' '"input.lammps"' '"voter-pt.eam"'
+ cp -r /lustre/ttscratch1/sevilla/parsplice-support/parsplice/sample-input/nanoparticle-growth/voter-pt.eam .
+ cp -r /lustre/ttscratch1/sevilla/parsplice-support/parsplice/cache-policies .
+ cp cache-policies/whenNULL.lua cache-policies/when.lua
+ sed -i 's/<Delay> 1000000 <\/Delay>/<Delay> 10000000 <\/Delay>/g' input/ps-config.xml
+ python /lustre/ttscratch1/sevilla/parsplice-support/parsplice/node-affinity/mkhosts-slurm-nospawn.py 32 1 1 1
++ wc -l layout
++ awk '{print $1}'
+ ntasks=256
+ srun -N 8 -n 256 --cpu_bind=cores --output none /users/sevilla/parsplice-install/parsplice
srun: error: nid00082: task 4: Segmentation fault (core dumped)
srun: Terminating job step 164586.0
srun: Job step aborted: Waiting up to 32 seconds for job step to finish.
srun: error: nid00086: tasks 128-129,132-135,137-141,143,145,158-159: Killed
srun: error: nid00084: tasks 64-65,69-84,86-87,89,92-95: Killed
srun: error: nid00087: tasks 160-162,164-170,172-185,187-188,191: Killed
srun: error: nid00089: tasks 224-225,227-229,231-238,240-241,245,247,255: Killed
srun: error: nid00083: tasks 32,34,37-47,49,51,53,55,58-61,63: Killed
srun: error: nid00085: tasks 96,98,100,102-110,112-118,121,123,126-127: Killed
srun: error: nid00088: tasks 192-208,210-212,214,216-218,220,222-223: Killed
srun: error: nid00082: tasks 0-2,5-25,28-31: Killed
srun: error: nid00084: tasks 66-68,85,90: Killed
srun: error: nid00086: tasks 130,136,142,144,146-147,149,151-157: Killed
srun: error: nid00083: tasks 33,35-36,48,50,54,56-57,62: Killed
srun: error: nid00089: tasks 226,230,239,242-244,246,249-251,253-254: Killed
srun: error: nid00085: tasks 99,101,111,122,124: Killed
srun: error: nid00086: task 148: Killed
srun: error: nid00085: tasks 97,120,125: Killed
srun: error: nid00088: tasks 209,213,215,219,221: Killed
srun: error: nid00087: tasks 163,171,186,189-190: Killed
srun: error: nid00084: tasks 88,91: Killed
srun: error: nid00089: tasks 248,252: Killed
srun: error: nid00083: task 52: Killed
srun: error: nid00085: task 119: Killed
srun: error: nid00086: tasks 131,150: Killed
srun: error: nid00082: tasks 3,26-27: Killed
