+ echo
+ mkdir -p /lustre/ttscratch1/sevilla/parsplice-output/nano/scale-workers-8-d500K-164583/out
+ cd /lustre/ttscratch1/sevilla/parsplice-output/nano/scale-workers-8-d500K-164583
+ export LD_LIBRARY_PATH=/users/sevilla/parsplice-install/lib:/lustre/ttscratch1/sevilla/parsplice-support/boost_1_64_0/stage/lib
+ LD_LIBRARY_PATH=/users/sevilla/parsplice-install/lib:/lustre/ttscratch1/sevilla/parsplice-support/boost_1_64_0/stage/lib
+ export OMP_NUM_THREADS=1
+ OMP_NUM_THREADS=1
+ for i in '"input"' '"input.lammps"' '"voter-pt.eam"'
+ cp -r /lustre/ttscratch1/sevilla/parsplice-support/parsplice/sample-input/nanoparticle-growth/input .
+ for i in '"input"' '"input.lammps"' '"voter-pt.eam"'
+ cp -r /lustre/ttscratch1/sevilla/parsplice-support/parsplice/sample-input/nanoparticle-growth/input.lammps .
+ for i in '"input"' '"input.lammps"' '"voter-pt.eam"'
+ cp -r /lustre/ttscratch1/sevilla/parsplice-support/parsplice/sample-input/nanoparticle-growth/voter-pt.eam .
+ cp -r /lustre/ttscratch1/sevilla/parsplice-support/parsplice/cache-policies .
+ cp cache-policies/whenNULL.lua cache-policies/when.lua
+ sed -i 's/<Delay> 1000000 <\/Delay>/<Delay> 500000 <\/Delay>/g' input/ps-config.xml
+ python /lustre/ttscratch1/sevilla/parsplice-support/parsplice/node-affinity/mkhosts-slurm-nospawn.py 32 1 1 1
++ awk '{print $1}'
++ wc -l layout
+ ntasks=256
+ srun -N 8 -n 256 --cpu_bind=cores --output none /users/sevilla/parsplice-install/parsplice
srun: error: nid00098: task 4: Segmentation fault (core dumped)
srun: Terminating job step 164583.0
srun: Job step aborted: Waiting up to 32 seconds for job step to finish.
srun: error: nid00104: tasks 192,194-195,197,199-206,208,223: Killed
srun: error: nid00099: tasks 32,36,38-49,51,53,55,63: Killed
srun: error: nid00103: tasks 160,162,165,167,169,171-175,177-178,180,182,184,186,188,190-191: Killed
srun: error: nid00100: tasks 64,66-75,77,79,81-83,85-87,89,91,95: Killed
srun: error: nid00105: tasks 224-227,229-233,235-241,243-244,246-247,249,253-255: Killed
srun: error: nid00101: tasks 96-99,101-107,109-111,113-115,117-118,122,127: Killed
srun: error: nid00102: tasks 128-131,135-144,146-147,149-151,153,159: Killed
srun: error: nid00098: tasks 0-3,5-24,26-31: Killed
srun: error: nid00104: tasks 193,196,198,207,209-214,216-222: Killed
srun: error: nid00102: tasks 132-134,145,148,152,154-156,158: Killed
srun: error: nid00100: tasks 65,76,78,84,88,90,92-94: Killed
srun: error: nid00099: tasks 33-35,37,50,52,54,56-62: Killed
srun: error: nid00104: task 215: Killed
srun: error: nid00102: task 157: Killed
srun: error: nid00101: tasks 100,108,112,116,119-121,123-126: Killed
srun: error: nid00100: task 80: Killed
srun: error: nid00103: tasks 161,163-164,166,168,170,176,179,181,183,185,187,189: Killed
srun: error: nid00105: tasks 228,234,242,245,248,250-252: Killed
srun: error: nid00098: task 25: Killed
