+ echo
+ mkdir -p /lustre/ttscratch1/sevilla/parsplice-output/nano/scale-workers-8-d500K-164575/out
+ cd /lustre/ttscratch1/sevilla/parsplice-output/nano/scale-workers-8-d500K-164575
+ export LD_LIBRARY_PATH=/users/sevilla/parsplice-install/lib:/lustre/ttscratch1/sevilla/parsplice-support/boost_1_64_0/stage/lib
+ LD_LIBRARY_PATH=/users/sevilla/parsplice-install/lib:/lustre/ttscratch1/sevilla/parsplice-support/boost_1_64_0/stage/lib
+ export OMP_NUM_THREADS=1
+ OMP_NUM_THREADS=1
+ for i in '"input"' '"input.lammps"' '"voter-pt.eam"'
+ cp -r /lustre/ttscratch1/sevilla/parsplice-support/parsplice/sample-input/nanoparticle-growth/input .
+ for i in '"input"' '"input.lammps"' '"voter-pt.eam"'
+ cp -r /lustre/ttscratch1/sevilla/parsplice-support/parsplice/sample-input/nanoparticle-growth/input.lammps .
+ for i in '"input"' '"input.lammps"' '"voter-pt.eam"'
+ cp -r /lustre/ttscratch1/sevilla/parsplice-support/parsplice/sample-input/nanoparticle-growth/voter-pt.eam .
+ cp -r /lustre/ttscratch1/sevilla/parsplice-support/parsplice/cache-policies .
+ cp cache-policies/whenNULL.lua cache-policies/when.lua
+ sed -i 's/<Delay> 1000000 <\/Delay>/<Delay> 500000 <\/Delay>/g' input/ps-config.xml
+ python /lustre/ttscratch1/sevilla/parsplice-support/parsplice/node-affinity/mkhosts-slurm-nospawn.py 32 1 1 1
++ wc -l layout
++ awk '{print $1}'
+ ntasks=256
+ srun -N 8 -n 256 --cpu_bind=cores --output none /users/sevilla/parsplice-install/parsplice
srun: error: nid00145: task 4: Segmentation fault (core dumped)
srun: Terminating job step 164575.0
srun: Job step aborted: Waiting up to 32 seconds for job step to finish.
srun: error: nid00147: tasks 32-33,39-42,44-47,49,54,57,63: Killed
srun: error: nid00160: tasks 64-65,70,72-76,78-79,87,89,91,95: Killed
srun: error: nid00161: tasks 96-97,99,101-102,105-109,111-113,115,117,119,127: Killed
srun: error: nid00171: tasks 160,164,166-178,180,182,191: Killed
srun: error: nid00170: tasks 128-147,149-154,156-159: Killed
srun: error: nid00173: tasks 224-233,235-243,245,247-248,255: Killed
srun: error: nid00145: tasks 0-3,5-22,24-26,28-31: Killed
srun: error: nid00147: tasks 35-38,43,48,50-53,56,58,61-62: Killed
srun: error: nid00161: tasks 100,103-104,110,116,118,121,124-126: Killed
srun: error: nid00160: tasks 66-69,71,80-86,90,94: Killed
srun: error: nid00171: tasks 161-163,165,179,181,183,185-190: Killed
srun: error: nid00172: tasks 192-223: Killed
srun: error: nid00147: tasks 34,55,60: Killed
srun: error: nid00170: tasks 148,155: Killed
srun: error: nid00173: tasks 234,244,246,249-254: Killed
srun: error: nid00147: task 59: Killed
srun: error: nid00160: tasks 77,88,92-93: Killed
srun: error: nid00161: tasks 98,114,120,122-123: Killed
srun: error: nid00171: task 184: Killed
srun: error: nid00145: tasks 23,27: Killed
