+ echo
+ mkdir -p /lustre/ttscratch1/sevilla/parsplice-output/nano/scale-workers-8-d1M-NULL-164870/out
+ cd /lustre/ttscratch1/sevilla/parsplice-output/nano/scale-workers-8-d1M-NULL-164870
+ export LD_LIBRARY_PATH=/users/sevilla/parsplice-install/lib:/lustre/ttscratch1/sevilla/parsplice-support/boost_1_64_0/stage/lib
+ LD_LIBRARY_PATH=/users/sevilla/parsplice-install/lib:/lustre/ttscratch1/sevilla/parsplice-support/boost_1_64_0/stage/lib
+ export OMP_NUM_THREADS=1
+ OMP_NUM_THREADS=1
+ for i in '"input"' '"input.lammps"' '"voter-pt.eam"'
+ cp -r /lustre/ttscratch1/sevilla/parsplice-support/parsplice/sample-input/nanoparticle-growth/input .
+ for i in '"input"' '"input.lammps"' '"voter-pt.eam"'
+ cp -r /lustre/ttscratch1/sevilla/parsplice-support/parsplice/sample-input/nanoparticle-growth/input.lammps .
+ for i in '"input"' '"input.lammps"' '"voter-pt.eam"'
+ cp -r /lustre/ttscratch1/sevilla/parsplice-support/parsplice/sample-input/nanoparticle-growth/voter-pt.eam .
+ cp -r /lustre/ttscratch1/sevilla/parsplice-support/parsplice/cache-policies .
+ cp cache-policies/whenNULL.lua cache-policies/when.lua
+ sed -i 's/<Delay> 1000000 <\/Delay>/<Delay> 1000000 <\/Delay>/g' input/ps-config.xml
+ python /lustre/ttscratch1/sevilla/parsplice-support/parsplice/node-affinity/mkhosts-slurm-nospawn.py 32 1 1 1
++ wc -l layout
++ awk '{print $1}'
+ ntasks=256
+ srun -N 8 -n 256 --cpu_bind=cores --output none /users/sevilla/parsplice-install/parsplice
srun: error: nid00082: task 4: Segmentation fault (core dumped)
srun: Terminating job step 164870.0
srun: Job step aborted: Waiting up to 32 seconds for job step to finish.
srun: error: nid00089: tasks 224-225,229-233,235-241,243,245,247,255: Killed
srun: error: nid00087: tasks 160-161,163-167,169-173,175,177,183,186,188,191: Killed
srun: error: nid00086: tasks 128,131,133-135,137-143,145,147,151,157-159: Killed
srun: error: nid00088: tasks 192-194,196,198-201,203-209,211-212,214-216,218-219,221,223: Killed
srun: error: nid00083: tasks 32-51,53,55,57,62-63: Killed
srun: error: nid00084: tasks 64-66,68-77,79,81-86,89-92,94-95: Killed
srun: error: nid00085: tasks 96-122,125-127: Killed
srun: error: nid00082: tasks 0-3,5-25,27-31: Killed
srun: error: nid00087: tasks 162,168,174,176,178-182,184,189-190: Killed
srun: error: nid00089: tasks 226,228,234,242,246,248-249,251-254: Killed
srun: error: nid00083: tasks 52,54,56,58-61: Killed
srun: error: nid00085: tasks 123-124: Killed
srun: error: nid00088: tasks 195,197,202,210,213,217,220,222: Killed
srun: error: nid00086: tasks 129-130,132,136,144,146,148-150,152-156: Killed
srun: error: nid00084: tasks 67,78,80,87-88,93: Killed
srun: error: nid00089: tasks 227,244,250: Killed
srun: error: nid00087: tasks 185,187: Killed
srun: error: nid00082: task 26: Killed
