+ echo
+ mkdir -p /lustre/ttscratch1/sevilla/parsplice-output/nano/scale-workers-8-d100K-164584/out
+ cd /lustre/ttscratch1/sevilla/parsplice-output/nano/scale-workers-8-d100K-164584
+ export LD_LIBRARY_PATH=/users/sevilla/parsplice-install/lib:/lustre/ttscratch1/sevilla/parsplice-support/boost_1_64_0/stage/lib
+ LD_LIBRARY_PATH=/users/sevilla/parsplice-install/lib:/lustre/ttscratch1/sevilla/parsplice-support/boost_1_64_0/stage/lib
+ export OMP_NUM_THREADS=1
+ OMP_NUM_THREADS=1
+ for i in '"input"' '"input.lammps"' '"voter-pt.eam"'
+ cp -r /lustre/ttscratch1/sevilla/parsplice-support/parsplice/sample-input/nanoparticle-growth/input .
+ for i in '"input"' '"input.lammps"' '"voter-pt.eam"'
+ cp -r /lustre/ttscratch1/sevilla/parsplice-support/parsplice/sample-input/nanoparticle-growth/input.lammps .
+ for i in '"input"' '"input.lammps"' '"voter-pt.eam"'
+ cp -r /lustre/ttscratch1/sevilla/parsplice-support/parsplice/sample-input/nanoparticle-growth/voter-pt.eam .
+ cp -r /lustre/ttscratch1/sevilla/parsplice-support/parsplice/cache-policies .
+ cp cache-policies/whenNULL.lua cache-policies/when.lua
+ sed -i 's/<Delay> 1000000 <\/Delay>/<Delay> 100000 <\/Delay>/g' input/ps-config.xml
+ python /lustre/ttscratch1/sevilla/parsplice-support/parsplice/node-affinity/mkhosts-slurm-nospawn.py 32 1 1 1
++ wc -l layout
++ awk '{print $1}'
+ ntasks=256
+ srun -N 8 -n 256 --cpu_bind=cores --output none /users/sevilla/parsplice-install/parsplice
srun: error: nid00032: task 4: Segmentation fault (core dumped)
srun: Terminating job step 164584.0
srun: Job step aborted: Waiting up to 32 seconds for job step to finish.
srun: error: nid00039: tasks 224-227,230-235,237-239,244-245,255: Killed
srun: error: nid00034: tasks 64-67,69,71-79,81,83-85,87-88,95: Killed
srun: error: nid00033: tasks 32-58,60-61,63: Killed
srun: error: nid00037: tasks 160-163,165,167-175,177-182,184,191: Killed
srun: error: nid00038: tasks 192,194,196-212,214-215,217,220,222-223: Killed
srun: error: nid00035: tasks 96-111,113,115,117-119,121,125-127: Killed
srun: error: nid00036: tasks 128-143,145-146,149-150,153,155,158-159: Killed
srun: error: nid00032: tasks 0-3,5-23,26-31: Killed
srun: error: nid00039: tasks 228-229,236,240-243,246-248,250,252-254: Killed
srun: error: nid00037: tasks 164,166,183,185-188,190: Killed
srun: error: nid00038: tasks 193,195,213,216,218-219,221: Killed
srun: error: nid00033: tasks 59,62: Killed
srun: error: nid00036: tasks 144,147-148,151-152,154,156-157: Killed
srun: error: nid00034: tasks 68,70,80,82,86,89-94: Killed
srun: error: nid00035: tasks 112,114,116,120,122-124: Killed
srun: error: nid00039: tasks 249,251: Killed
srun: error: nid00037: tasks 176,189: Killed
srun: error: nid00032: tasks 24-25: Killed
