+ echo
+ mkdir -p /lustre/ttscratch1/sevilla/parsplice-output/nano/scale-workers-8-d10M-NULL-164868/out
+ cd /lustre/ttscratch1/sevilla/parsplice-output/nano/scale-workers-8-d10M-NULL-164868
+ export LD_LIBRARY_PATH=/users/sevilla/parsplice-install/lib:/lustre/ttscratch1/sevilla/parsplice-support/boost_1_64_0/stage/lib
+ LD_LIBRARY_PATH=/users/sevilla/parsplice-install/lib:/lustre/ttscratch1/sevilla/parsplice-support/boost_1_64_0/stage/lib
+ export OMP_NUM_THREADS=1
+ OMP_NUM_THREADS=1
+ for i in '"input"' '"input.lammps"' '"voter-pt.eam"'
+ cp -r /lustre/ttscratch1/sevilla/parsplice-support/parsplice/sample-input/nanoparticle-growth/input .
+ for i in '"input"' '"input.lammps"' '"voter-pt.eam"'
+ cp -r /lustre/ttscratch1/sevilla/parsplice-support/parsplice/sample-input/nanoparticle-growth/input.lammps .
+ for i in '"input"' '"input.lammps"' '"voter-pt.eam"'
+ cp -r /lustre/ttscratch1/sevilla/parsplice-support/parsplice/sample-input/nanoparticle-growth/voter-pt.eam .
+ cp -r /lustre/ttscratch1/sevilla/parsplice-support/parsplice/cache-policies .
+ cp cache-policies/whenNULL.lua cache-policies/when.lua
+ sed -i 's/<Delay> 1000000 <\/Delay>/<Delay> 10000000 <\/Delay>/g' input/ps-config.xml
+ python /lustre/ttscratch1/sevilla/parsplice-support/parsplice/node-affinity/mkhosts-slurm-nospawn.py 32 1 1 1
++ wc -l layout
++ awk '{print $1}'
+ ntasks=256
+ srun -N 8 -n 256 --cpu_bind=cores --output none /users/sevilla/parsplice-install/parsplice
srun: error: nid00082: task 4: Segmentation fault (core dumped)
srun: Terminating job step 164868.0
srun: Job step aborted: Waiting up to 32 seconds for job step to finish.
srun: error: nid00084: tasks 64,68,70-72,74-75,77-81,86,95: Killed
srun: error: nid00086: tasks 128-141,143-147,149,151,153,155,157,159: Killed
srun: error: nid00089: tasks 224-229,231-236,238-245,247-249,251-255: Killed
srun: error: nid00085: tasks 96-99,101-107,109-115,119,121-125,127: Killed
srun: error: nid00087: tasks 160-163,165-175,177-183,187,189-191: Killed
srun: error: nid00088: tasks 192-195,197-203,205-212,214-216,221,223: Killed
srun: error: nid00082: tasks 0-3,5-13,15-24,27-28,30-31: Killed
srun: error: nid00083: tasks 32-39,41-43,45-49,51-53,55,57-58,60-63: Killed
srun: error: nid00084: tasks 65-67,69,73,76,82-85,88-92,94: Killed
srun: error: nid00088: tasks 196,213,217-219: Killed
srun: error: nid00089: tasks 230,246,250: Killed
srun: error: nid00086: tasks 142,148,150,152,156,158: Killed
srun: error: nid00082: tasks 14,25,29: Killed
srun: error: nid00087: tasks 164,176,184-186,188: Killed
srun: error: nid00083: tasks 40,44,50,54,56,59: Killed
srun: error: nid00085: tasks 100,108,116-118,120,126: Killed
srun: error: nid00089: task 237: Killed
srun: error: nid00088: tasks 204,220,222: Killed
srun: error: nid00084: tasks 87,93: Killed
srun: error: nid00086: task 154: Killed
srun: error: nid00082: task 26: Killed
