+ echo
+ mkdir -p /lustre/ttscratch1/sevilla/parsplice-output/nano/scale-workers-8-d500K-164590/out
+ cd /lustre/ttscratch1/sevilla/parsplice-output/nano/scale-workers-8-d500K-164590
+ export LD_LIBRARY_PATH=/users/sevilla/parsplice-install/lib:/lustre/ttscratch1/sevilla/parsplice-support/boost_1_64_0/stage/lib
+ LD_LIBRARY_PATH=/users/sevilla/parsplice-install/lib:/lustre/ttscratch1/sevilla/parsplice-support/boost_1_64_0/stage/lib
+ export OMP_NUM_THREADS=1
+ OMP_NUM_THREADS=1
+ for i in '"input"' '"input.lammps"' '"voter-pt.eam"'
+ cp -r /lustre/ttscratch1/sevilla/parsplice-support/parsplice/sample-input/nanoparticle-growth/input .
+ for i in '"input"' '"input.lammps"' '"voter-pt.eam"'
+ cp -r /lustre/ttscratch1/sevilla/parsplice-support/parsplice/sample-input/nanoparticle-growth/input.lammps .
+ for i in '"input"' '"input.lammps"' '"voter-pt.eam"'
+ cp -r /lustre/ttscratch1/sevilla/parsplice-support/parsplice/sample-input/nanoparticle-growth/voter-pt.eam .
+ cp -r /lustre/ttscratch1/sevilla/parsplice-support/parsplice/cache-policies .
+ cp cache-policies/whenNULL.lua cache-policies/when.lua
+ sed -i 's/<Delay> 1000000 <\/Delay>/<Delay> 500000 <\/Delay>/g' input/ps-config.xml
+ python /lustre/ttscratch1/sevilla/parsplice-support/parsplice/node-affinity/mkhosts-slurm-nospawn.py 32 1 1 1
++ wc -l layout
++ awk '{print $1}'
+ ntasks=256
+ srun -N 8 -n 256 --cpu_bind=cores --output none /users/sevilla/parsplice-install/parsplice
srun: error: nid00098: task 4: Segmentation fault (core dumped)
srun: Terminating job step 164590.0
srun: Job step aborted: Waiting up to 32 seconds for job step to finish.
srun: error: nid00100: tasks 64-69,71-83,85,87,94-95: Killed
srun: error: nid00102: tasks 128-129,133,135-137,139,141,143-144,147,151,159: Killed
srun: error: nid00105: tasks 224-228,230,232-237,239-242,245,249,251,255: Killed
srun: error: nid00099: tasks 32-33,36,38-39,41,43-47,49,51-52,54,63: Killed
srun: error: nid00103: tasks 160,164-166,168-175,179,181,183,189,191: Killed
srun: error: nid00101: tasks 96,99-100,102,104-111,113,115-116,118-122,124-127: Killed
srun: error: nid00104: tasks 192-207,209-212,216,219-220,222-223: Killed
srun: error: nid00098: tasks 0-3,5-17,19-25,27-31: Killed
srun: error: nid00100: tasks 70,84,86,88,90-91,93: Killed
srun: error: nid00105: tasks 229,231,243-244,246-248,250,252-254: Killed
srun: error: nid00099: tasks 35,40,42,48,53,56-62: Killed
srun: error: nid00098: task 18: Killed
srun: error: nid00102: tasks 130-132,134,138,140,145-146,148-150,152-158: Killed
srun: error: nid00100: task 92: Killed
srun: error: nid00101: tasks 97-98,101,103,112,114,117,123: Killed
srun: error: nid00104: tasks 208,213-215,217-218,221: Killed
srun: error: nid00103: tasks 161-163,167,176-178,180,182,184-188,190: Killed
srun: error: nid00105: task 238: Killed
srun: error: nid00102: task 142: Killed
srun: error: nid00099: tasks 34,37,50,55: Killed
srun: error: nid00100: task 89: Killed
srun: error: nid00098: task 26: Killed
