+ echo
+ mkdir -p /lustre/ttscratch1/sevilla/parsplice-output/nano/scale-workers-8-d100K-164577/out
+ cd /lustre/ttscratch1/sevilla/parsplice-output/nano/scale-workers-8-d100K-164577
+ export LD_LIBRARY_PATH=/users/sevilla/parsplice-install/lib:/lustre/ttscratch1/sevilla/parsplice-support/boost_1_64_0/stage/lib
+ LD_LIBRARY_PATH=/users/sevilla/parsplice-install/lib:/lustre/ttscratch1/sevilla/parsplice-support/boost_1_64_0/stage/lib
+ export OMP_NUM_THREADS=1
+ OMP_NUM_THREADS=1
+ for i in '"input"' '"input.lammps"' '"voter-pt.eam"'
+ cp -r /lustre/ttscratch1/sevilla/parsplice-support/parsplice/sample-input/nanoparticle-growth/input .
+ for i in '"input"' '"input.lammps"' '"voter-pt.eam"'
+ cp -r /lustre/ttscratch1/sevilla/parsplice-support/parsplice/sample-input/nanoparticle-growth/input.lammps .
+ for i in '"input"' '"input.lammps"' '"voter-pt.eam"'
+ cp -r /lustre/ttscratch1/sevilla/parsplice-support/parsplice/sample-input/nanoparticle-growth/voter-pt.eam .
+ cp -r /lustre/ttscratch1/sevilla/parsplice-support/parsplice/cache-policies .
+ cp cache-policies/whenNULL.lua cache-policies/when.lua
+ sed -i 's/<Delay> 1000000 <\/Delay>/<Delay> 100000 <\/Delay>/g' input/ps-config.xml
+ python /lustre/ttscratch1/sevilla/parsplice-support/parsplice/node-affinity/mkhosts-slurm-nospawn.py 32 1 1 1
++ wc -l layout
++ awk '{print $1}'
+ ntasks=256
+ srun -N 8 -n 256 --cpu_bind=cores --output none /users/sevilla/parsplice-install/parsplice
srun: error: nid00162: task 4: Segmentation fault (core dumped)
srun: Terminating job step 164577.0
srun: Job step aborted: Waiting up to 32 seconds for job step to finish.
srun: error: nid00165: tasks 96,99,101-103,105,107-111,119-120,126-127: Killed
srun: error: nid00163: tasks 32-34,36-37,39-47,50-51,53,57,61,63: Killed
srun: error: nid00166: tasks 128-130,135-143,145,147,149,159: Killed
srun: error: nid00169: tasks 224,226,228-230,232-239,241,243-244,246,251,254-255: Killed
srun: error: nid00167: tasks 160,162-165,167-177,179,181,183,185-187,189,191: Killed
srun: error: nid00168: tasks 192-207,209-213,215,220,223: Killed
srun: error: nid00164: tasks 64-66,68-75,77-83,85-95: Killed
srun: error: nid00162: tasks 0-3,5-22,24-31: Killed
srun: error: nid00163: tasks 35,38,48-49,52,54-56,58,60,62: Killed
srun: error: nid00165: tasks 97-98,100,104,106,112-115,117-118,121-124: Killed
srun: error: nid00168: tasks 208,214,216-219,221: Killed
srun: error: nid00167: tasks 161,166,178,180,182,184,188,190: Killed
srun: error: nid00166: tasks 131-134,144,146,148,150-158: Killed
srun: error: nid00164: tasks 67,76,84: Killed
srun: error: nid00169: tasks 225,227,231,240,242,245,247-250,252-253: Killed
srun: error: nid00168: task 222: Killed
srun: error: nid00163: task 59: Killed
srun: error: nid00165: tasks 116,125: Killed
srun: error: nid00162: task 23: Killed
