+ echo
+ mkdir -p /lustre/ttscratch1/sevilla/parsplice-output/nano/scale-workers-8-d10M-NULL-164852/out
+ cd /lustre/ttscratch1/sevilla/parsplice-output/nano/scale-workers-8-d10M-NULL-164852
+ export LD_LIBRARY_PATH=/users/sevilla/parsplice-install/lib:/lustre/ttscratch1/sevilla/parsplice-support/boost_1_64_0/stage/lib
+ LD_LIBRARY_PATH=/users/sevilla/parsplice-install/lib:/lustre/ttscratch1/sevilla/parsplice-support/boost_1_64_0/stage/lib
+ export OMP_NUM_THREADS=1
+ OMP_NUM_THREADS=1
+ for i in '"input"' '"input.lammps"' '"voter-pt.eam"'
+ cp -r /lustre/ttscratch1/sevilla/parsplice-support/parsplice/sample-input/nanoparticle-growth/input .
+ for i in '"input"' '"input.lammps"' '"voter-pt.eam"'
+ cp -r /lustre/ttscratch1/sevilla/parsplice-support/parsplice/sample-input/nanoparticle-growth/input.lammps .
+ for i in '"input"' '"input.lammps"' '"voter-pt.eam"'
+ cp -r /lustre/ttscratch1/sevilla/parsplice-support/parsplice/sample-input/nanoparticle-growth/voter-pt.eam .
+ cp -r /lustre/ttscratch1/sevilla/parsplice-support/parsplice/cache-policies .
+ cp cache-policies/whenNULL.lua cache-policies/when.lua
+ sed -i 's/<Delay> 1000000 <\/Delay>/<Delay> 10000000 <\/Delay>/g' input/ps-config.xml
+ python /lustre/ttscratch1/sevilla/parsplice-support/parsplice/node-affinity/mkhosts-slurm-nospawn.py 32 1 1 1
++ wc -l layout
++ awk '{print $1}'
+ ntasks=256
+ srun -N 8 -n 256 --cpu_bind=cores --output none /users/sevilla/parsplice-install/parsplice
srun: error: nid00032: task 4: Segmentation fault (core dumped)
srun: Terminating job step 164852.0
srun: Job step aborted: Waiting up to 32 seconds for job step to finish.
srun: error: nid00034: tasks 64,69-73,75-79,81,83,85,95: Killed
srun: error: nid00039: tasks 224-226,228,230-239,241,246,250,255: Killed
srun: error: nid00033: tasks 32-33,35-42,44-46,48-52,59,61,63: Killed
srun: error: nid00035: tasks 96-97,99,101-111,113,115,117,121,125,127: Killed
srun: error: nid00037: tasks 160-162,164-165,167-171,173-175,177-179,181-183,185,187,189,191: Killed
srun: error: nid00038: tasks 192-193,195,197-207,209-210,212,214-215,222-223: Killed
srun: error: nid00036: tasks 128-129,131,135,137-148,151,159: Killed
srun: error: nid00032: tasks 0-3,5-18,20-23,25-28,30-31: Killed
srun: error: nid00037: tasks 163,166,172,176,180,184,186,190: Killed
srun: error: nid00036: tasks 130,132-134,149,152-156,158: Killed
srun: error: nid00034: tasks 65-68,74,80,82,86-94: Killed
srun: error: nid00038: tasks 196,208,211,213,216-217,219-221: Killed
srun: error: nid00032: tasks 19,29: Killed
srun: error: nid00033: tasks 34,43,47,53-58,60,62: Killed
srun: error: nid00035: tasks 98,100,112,114,116,118-120,122-124,126: Killed
srun: error: nid00034: task 84: Killed
srun: error: nid00037: task 188: Killed
srun: error: nid00036: tasks 136,150,157: Killed
srun: error: nid00038: tasks 194,218: Killed
srun: error: nid00039: tasks 227,229,240,242-245,247-249,251-254: Killed
srun: error: nid00032: task 24: Killed
