+ echo
+ mkdir -p /lustre/ttscratch1/sevilla/parsplice-output/nano/scale-workers-8-d100K-NULL-164866/out
+ cd /lustre/ttscratch1/sevilla/parsplice-output/nano/scale-workers-8-d100K-NULL-164866
+ export LD_LIBRARY_PATH=/users/sevilla/parsplice-install/lib:/lustre/ttscratch1/sevilla/parsplice-support/boost_1_64_0/stage/lib
+ LD_LIBRARY_PATH=/users/sevilla/parsplice-install/lib:/lustre/ttscratch1/sevilla/parsplice-support/boost_1_64_0/stage/lib
+ export OMP_NUM_THREADS=1
+ OMP_NUM_THREADS=1
+ for i in '"input"' '"input.lammps"' '"voter-pt.eam"'
+ cp -r /lustre/ttscratch1/sevilla/parsplice-support/parsplice/sample-input/nanoparticle-growth/input .
+ for i in '"input"' '"input.lammps"' '"voter-pt.eam"'
+ cp -r /lustre/ttscratch1/sevilla/parsplice-support/parsplice/sample-input/nanoparticle-growth/input.lammps .
+ for i in '"input"' '"input.lammps"' '"voter-pt.eam"'
+ cp -r /lustre/ttscratch1/sevilla/parsplice-support/parsplice/sample-input/nanoparticle-growth/voter-pt.eam .
+ cp -r /lustre/ttscratch1/sevilla/parsplice-support/parsplice/cache-policies .
+ cp cache-policies/whenNULL.lua cache-policies/when.lua
+ sed -i 's/<Delay> 1000000 <\/Delay>/<Delay> 100000 <\/Delay>/g' input/ps-config.xml
+ python /lustre/ttscratch1/sevilla/parsplice-support/parsplice/node-affinity/mkhosts-slurm-nospawn.py 32 1 1 1
++ wc -l layout
++ awk '{print $1}'
+ ntasks=256
+ srun -N 8 -n 256 --cpu_bind=cores --output none /users/sevilla/parsplice-install/parsplice
srun: error: nid00090: task 4: Segmentation fault (core dumped)
srun: Terminating job step 164866.0
srun: Job step aborted: Waiting up to 32 seconds for job step to finish.
srun: error: nid00091: tasks 32-33,38-41,44-46,50,52,54,59,62-63: Killed
srun: error: nid00095: tasks 160,162,165-175,177,179,181,183,190-191: Killed
srun: error: nid00097: tasks 224-227,229-230,232-237,239-244,254-255: Killed
srun: error: nid00093: tasks 96-98,100-101,103-113,115-120,124-125,127: Killed
srun: error: nid00094: tasks 128-133,135-143,145-152,159: Killed
srun: error: nid00096: tasks 192-205,207-209,211,214-215,217,220-223: Killed
srun: error: nid00092: tasks 64-66,68,70-85,95: Killed
srun: error: nid00090: tasks 0-3,5-16,18,20,22,24,29,31: Killed
srun: error: nid00095: tasks 161,163-164,176,178,182,185-189: Killed
srun: error: nid00091: tasks 34,36-37,42-43,47-48,51,53,55,57,60-61: Killed
srun: error: nid00094: tasks 134,144,153-155,157-158: Killed
srun: error: nid00097: tasks 228,231,238,245-246,248-253: Killed
srun: error: nid00095: task 184: Killed
srun: error: nid00093: tasks 99,102,114,121-123,126: Killed
srun: error: nid00096: tasks 206,210,212-213,216,218-219: Killed
srun: error: nid00094: task 156: Killed
srun: error: nid00097: task 247: Killed
srun: error: nid00092: tasks 67,69,86-94: Killed
srun: error: nid00091: tasks 35,49,56,58: Killed
srun: error: nid00095: task 180: Killed
srun: error: nid00090: tasks 17,19,21,23,25-28,30: Killed
